{"/home/evert/src/curveball/oauth2/src/index.ts": {"path":"/home/evert/src/curveball/oauth2/src/index.ts","statementMap":{"0":{"start":{"line":2,"column":0},"end":{"line":2,"column":54}},"1":{"start":{"line":3,"column":0},"end":{"line":3,"column":56}},"2":{"start":{"line":4,"column":0},"end":{"line":4,"column":31}},"3":{"start":{"line":5,"column":0},"end":{"line":5,"column":29}},"4":{"start":{"line":74,"column":2},"end":{"line":76,"column":null}},"5":{"start":{"line":75,"column":4},"end":{"line":75,"column":56}},"6":{"start":{"line":78,"column":2},"end":{"line":109,"column":4}},"7":{"start":{"line":81,"column":4},"end":{"line":86,"column":null}},"8":{"start":{"line":82,"column":6},"end":{"line":85,"column":null}},"9":{"start":{"line":84,"column":8},"end":{"line":84,"column":22}},"10":{"start":{"line":88,"column":4},"end":{"line":90,"column":null}},"11":{"start":{"line":89,"column":6},"end":{"line":89,"column":99}},"12":{"start":{"line":92,"column":22},"end":{"line":92,"column":74}},"13":{"start":{"line":93,"column":4},"end":{"line":93,"column":27}},"14":{"start":{"line":94,"column":4},"end":{"line":94,"column":62}},"15":{"start":{"line":95,"column":4},"end":{"line":97,"column":null}},"16":{"start":{"line":96,"column":6},"end":{"line":96,"column":76}},"17":{"start":{"line":99,"column":24},"end":{"line":99,"column":36}},"18":{"start":{"line":101,"column":29},"end":{"line":101,"column":67}},"19":{"start":{"line":102,"column":4},"end":{"line":104,"column":null}},"20":{"start":{"line":103,"column":6},"end":{"line":103,"column":69}},"21":{"start":{"line":105,"column":4},"end":{"line":105,"column":40}},"22":{"start":{"line":107,"column":4},"end":{"line":107,"column":18}},"23":{"start":{"line":72,"column":0},"end":{"line":72,"column":24}},"24":{"start":{"line":115,"column":21},"end":{"line":124,"column":4}},"25":{"start":{"line":127,"column":2},"end":{"line":131,"column":null}},"26":{"start":{"line":128,"column":4},"end":{"line":128,"column":85}},"27":{"start":{"line":130,"column":4},"end":{"line":130,"column":70}},"28":{"start":{"line":133,"column":2},"end":{"line":138,"column":null}},"29":{"start":{"line":135,"column":4},"end":{"line":135,"column":105}},"30":{"start":{"line":136,"column":4},"end":{"line":136,"column":41}},"31":{"start":{"line":137,"column":4},"end":{"line":137,"column":142}},"32":{"start":{"line":139,"column":2},"end":{"line":139,"column":31}}},"fnMap":{"0":{"name":"default_1","decl":{"start":{"line":72,"column":0},"end":{"line":72,"column":24}},"loc":{"start":{"line":72,"column":40},"end":{"line":111,"column":1}}},"1":{"name":"(anonymous_2)","decl":{"start":{"line":78,"column":9},"end":{"line":78,"column":14}},"loc":{"start":{"line":78,"column":29},"end":{"line":109,"column":3}}},"2":{"name":"introspect","decl":{"start":{"line":113,"column":15},"end":{"line":113,"column":25}},"loc":{"start":{"line":113,"column":63},"end":{"line":141,"column":1}}}},"branchMap":{"0":{"loc":{"start":{"line":74,"column":2},"end":{"line":76,"column":null}},"type":"if","locations":[{"start":{"line":74,"column":2},"end":{"line":76,"column":null}},{"start":{"line":74,"column":2},"end":{"line":76,"column":null}}]},"1":{"loc":{"start":{"line":74,"column":6},"end":{"line":74,"column":28}},"type":"binary-expr","locations":[{"start":{"line":74,"column":6},"end":{"line":74,"column":28}},{"start":{"line":74,"column":32},"end":{"line":74,"column":47}}]},"2":{"loc":{"start":{"line":82,"column":6},"end":{"line":85,"column":null}},"type":"if","locations":[{"start":{"line":82,"column":6},"end":{"line":85,"column":null}},{"start":{"line":82,"column":6},"end":{"line":85,"column":null}}]},"3":{"loc":{"start":{"line":82,"column":10},"end":{"line":82,"column":32}},"type":"binary-expr","locations":[{"start":{"line":82,"column":10},"end":{"line":82,"column":32}},{"start":{"line":82,"column":36},"end":{"line":82,"column":72}}]},"4":{"loc":{"start":{"line":88,"column":4},"end":{"line":90,"column":null}},"type":"if","locations":[{"start":{"line":88,"column":4},"end":{"line":90,"column":null}},{"start":{"line":88,"column":4},"end":{"line":90,"column":null}}]},"5":{"loc":{"start":{"line":95,"column":4},"end":{"line":97,"column":null}},"type":"if","locations":[{"start":{"line":95,"column":4},"end":{"line":97,"column":null}},{"start":{"line":95,"column":4},"end":{"line":97,"column":null}}]},"6":{"loc":{"start":{"line":95,"column":8},"end":{"line":95,"column":30}},"type":"binary-expr","locations":[{"start":{"line":95,"column":8},"end":{"line":95,"column":30}},{"start":{"line":95,"column":34},"end":{"line":95,"column":73}}]},"7":{"loc":{"start":{"line":102,"column":4},"end":{"line":104,"column":null}},"type":"if","locations":[{"start":{"line":102,"column":4},"end":{"line":104,"column":null}},{"start":{"line":102,"column":4},"end":{"line":104,"column":null}}]},"8":{"loc":{"start":{"line":127,"column":2},"end":{"line":131,"column":null}},"type":"if","locations":[{"start":{"line":127,"column":2},"end":{"line":131,"column":null}},{"start":{"line":127,"column":2},"end":{"line":131,"column":null}}]},"9":{"loc":{"start":{"line":133,"column":2},"end":{"line":138,"column":null}},"type":"if","locations":[{"start":{"line":133,"column":2},"end":{"line":138,"column":null}},{"start":{"line":133,"column":2},"end":{"line":138,"column":null}}]}},"s":{"0":1,"1":1,"2":1,"3":1,"4":11,"5":2,"6":11,"7":10,"8":10,"9":2,"10":8,"11":2,"12":6,"13":6,"14":6,"15":6,"16":1,"17":5,"18":5,"19":3,"20":1,"21":2,"22":2,"23":1,"24":5,"25":5,"26":2,"27":3,"28":4,"29":1,"30":1,"31":1,"32":3},"f":{"0":11,"1":10,"2":5},"b":{"0":[2,9],"1":[11,2],"2":[2,8],"3":[10,9],"4":[2,6],"5":[1,5],"6":[6,6],"7":[1,2],"8":[2,3],"9":[1,3]}}
}
