{"/home/evert/src/curveball/oauth2/src/index.ts": {"path":"/home/evert/src/curveball/oauth2/src/index.ts","statementMap":{"0":{"start":{"line":2,"column":0},"end":{"line":2,"column":54}},"1":{"start":{"line":3,"column":0},"end":{"line":3,"column":56}},"2":{"start":{"line":4,"column":0},"end":{"line":4,"column":31}},"3":{"start":{"line":5,"column":0},"end":{"line":5,"column":29}},"4":{"start":{"line":74,"column":2},"end":{"line":76,"column":null}},"5":{"start":{"line":75,"column":4},"end":{"line":75,"column":56}},"6":{"start":{"line":78,"column":2},"end":{"line":111,"column":4}},"7":{"start":{"line":81,"column":4},"end":{"line":90,"column":null}},"8":{"start":{"line":83,"column":6},"end":{"line":88,"column":null}},"9":{"start":{"line":84,"column":8},"end":{"line":87,"column":null}},"10":{"start":{"line":86,"column":10},"end":{"line":86,"column":24}},"11":{"start":{"line":92,"column":4},"end":{"line":94,"column":null}},"12":{"start":{"line":93,"column":6},"end":{"line":93,"column":99}},"13":{"start":{"line":96,"column":22},"end":{"line":96,"column":74}},"14":{"start":{"line":97,"column":4},"end":{"line":99,"column":null}},"15":{"start":{"line":98,"column":6},"end":{"line":98,"column":76}},"16":{"start":{"line":101,"column":24},"end":{"line":101,"column":36}},"17":{"start":{"line":103,"column":29},"end":{"line":103,"column":67}},"18":{"start":{"line":104,"column":4},"end":{"line":106,"column":null}},"19":{"start":{"line":105,"column":6},"end":{"line":105,"column":69}},"20":{"start":{"line":107,"column":4},"end":{"line":107,"column":40}},"21":{"start":{"line":109,"column":4},"end":{"line":109,"column":18}},"22":{"start":{"line":72,"column":0},"end":{"line":72,"column":24}},"23":{"start":{"line":117,"column":21},"end":{"line":126,"column":4}},"24":{"start":{"line":129,"column":2},"end":{"line":133,"column":null}},"25":{"start":{"line":130,"column":4},"end":{"line":130,"column":85}},"26":{"start":{"line":132,"column":4},"end":{"line":132,"column":70}},"27":{"start":{"line":135,"column":2},"end":{"line":140,"column":null}},"28":{"start":{"line":137,"column":4},"end":{"line":137,"column":105}},"29":{"start":{"line":138,"column":4},"end":{"line":138,"column":41}},"30":{"start":{"line":139,"column":4},"end":{"line":139,"column":142}},"31":{"start":{"line":141,"column":2},"end":{"line":141,"column":31}}},"fnMap":{"0":{"name":"default_1","decl":{"start":{"line":72,"column":0},"end":{"line":72,"column":24}},"loc":{"start":{"line":72,"column":40},"end":{"line":113,"column":1}}},"1":{"name":"(anonymous_2)","decl":{"start":{"line":78,"column":9},"end":{"line":78,"column":14}},"loc":{"start":{"line":78,"column":29},"end":{"line":111,"column":3}}},"2":{"name":"introspect","decl":{"start":{"line":115,"column":15},"end":{"line":115,"column":25}},"loc":{"start":{"line":115,"column":63},"end":{"line":143,"column":1}}}},"branchMap":{"0":{"loc":{"start":{"line":74,"column":2},"end":{"line":76,"column":null}},"type":"if","locations":[{"start":{"line":74,"column":2},"end":{"line":76,"column":null}},{"start":{"line":74,"column":2},"end":{"line":76,"column":null}}]},"1":{"loc":{"start":{"line":74,"column":6},"end":{"line":74,"column":28}},"type":"binary-expr","locations":[{"start":{"line":74,"column":6},"end":{"line":74,"column":28}},{"start":{"line":74,"column":32},"end":{"line":74,"column":47}}]},"2":{"loc":{"start":{"line":81,"column":4},"end":{"line":90,"column":null}},"type":"if","locations":[{"start":{"line":81,"column":4},"end":{"line":90,"column":null}},{"start":{"line":81,"column":4},"end":{"line":90,"column":null}}]},"3":{"loc":{"start":{"line":84,"column":8},"end":{"line":87,"column":null}},"type":"if","locations":[{"start":{"line":84,"column":8},"end":{"line":87,"column":null}},{"start":{"line":84,"column":8},"end":{"line":87,"column":null}}]},"4":{"loc":{"start":{"line":84,"column":12},"end":{"line":84,"column":34}},"type":"binary-expr","locations":[{"start":{"line":84,"column":12},"end":{"line":84,"column":34}},{"start":{"line":84,"column":38},"end":{"line":84,"column":74}}]},"5":{"loc":{"start":{"line":92,"column":4},"end":{"line":94,"column":null}},"type":"if","locations":[{"start":{"line":92,"column":4},"end":{"line":94,"column":null}},{"start":{"line":92,"column":4},"end":{"line":94,"column":null}}]},"6":{"loc":{"start":{"line":97,"column":4},"end":{"line":99,"column":null}},"type":"if","locations":[{"start":{"line":97,"column":4},"end":{"line":99,"column":null}},{"start":{"line":97,"column":4},"end":{"line":99,"column":null}}]},"7":{"loc":{"start":{"line":97,"column":8},"end":{"line":97,"column":33}},"type":"binary-expr","locations":[{"start":{"line":97,"column":8},"end":{"line":97,"column":33}},{"start":{"line":97,"column":37},"end":{"line":97,"column":76}}]},"8":{"loc":{"start":{"line":104,"column":4},"end":{"line":106,"column":null}},"type":"if","locations":[{"start":{"line":104,"column":4},"end":{"line":106,"column":null}},{"start":{"line":104,"column":4},"end":{"line":106,"column":null}}]},"9":{"loc":{"start":{"line":129,"column":2},"end":{"line":133,"column":null}},"type":"if","locations":[{"start":{"line":129,"column":2},"end":{"line":133,"column":null}},{"start":{"line":129,"column":2},"end":{"line":133,"column":null}}]},"10":{"loc":{"start":{"line":135,"column":2},"end":{"line":140,"column":null}},"type":"if","locations":[{"start":{"line":135,"column":2},"end":{"line":140,"column":null}},{"start":{"line":135,"column":2},"end":{"line":140,"column":null}}]}},"s":{"0":1,"1":1,"2":1,"3":1,"4":1,"5":0,"6":1,"7":0,"8":0,"9":0,"10":0,"11":0,"12":0,"13":0,"14":0,"15":0,"16":0,"17":0,"18":0,"19":0,"20":0,"21":0,"22":1,"23":0,"24":0,"25":0,"26":0,"27":0,"28":0,"29":0,"30":0,"31":0},"f":{"0":1,"1":0,"2":0},"b":{"0":[0,1],"1":[1,0],"2":[0,0],"3":[0,0],"4":[0,0],"5":[0,0],"6":[0,0],"7":[0,0],"8":[0,0],"9":[0,0],"10":[0,0]}}
}
