TN:
SF:/home/evert/src/curveball/oauth2/src/index.ts
FN:72,default_1
FN:78,(anonymous_2)
FN:115,introspect
FNF:3
FNH:1
FNDA:1,default_1
FNDA:0,(anonymous_2)
FNDA:0,introspect
DA:2,1
DA:3,1
DA:4,1
DA:5,1
DA:72,1
DA:74,1
DA:75,0
DA:78,1
DA:81,0
DA:83,0
DA:84,0
DA:86,0
DA:92,0
DA:93,0
DA:96,0
DA:97,0
DA:98,0
DA:101,0
DA:103,0
DA:104,0
DA:105,0
DA:107,0
DA:109,0
DA:117,0
DA:129,0
DA:130,0
DA:132,0
DA:135,0
DA:137,0
DA:138,0
DA:139,0
DA:141,0
LF:32
LH:7
BRDA:74,0,0,0
BRDA:74,0,1,1
BRDA:74,1,0,1
BRDA:74,1,1,0
BRDA:81,2,0,0
BRDA:81,2,1,0
BRDA:84,3,0,0
BRDA:84,3,1,0
BRDA:84,4,0,0
BRDA:84,4,1,0
BRDA:92,5,0,0
BRDA:92,5,1,0
BRDA:97,6,0,0
BRDA:97,6,1,0
BRDA:97,7,0,0
BRDA:97,7,1,0
BRDA:104,8,0,0
BRDA:104,8,1,0
BRDA:129,9,0,0
BRDA:129,9,1,0
BRDA:135,10,0,0
BRDA:135,10,1,0
BRF:22
BRH:2
end_of_record
